#
# There is insufficient memory for the Java Runtime Environment to continue.
# Native memory allocation (malloc) failed to allocate 727120 bytes for Chunk::new
# Possible reasons:
#   The system is out of physical RAM or swap space
#   The process is running with CompressedOops enabled, and the Java Heap may be blocking the growth of the native heap
# Possible solutions:
#   Reduce memory load on the system
#   Increase physical memory or swap space
#   Check if swap backing store is full
#   Decrease Java heap size (-Xmx/-Xms)
#   Decrease number of Java threads
#   Decrease Java thread stack sizes (-Xss)
#   Set larger code cache with -XX:ReservedCodeCacheSize=
#   JVM is running with Unscaled Compressed Oops mode in which the Java heap is
#     placed in the first 4GB address space. The Java Heap base address is the
#     maximum limit for the native heap growth. Please use -XX:HeapBaseMinAddress
#     to set the Java Heap base and to place the Java Heap above 4GB virtual address.
# This output file may be truncated or incomplete.
#
#  Out of Memory Error (./src/hotspot/share/memory/arena.cpp:197), pid=11024, tid=6688
#
# JRE version: OpenJDK Runtime Environment (11.0.11+9) (build 11.0.11+9-b60-7590822)
# Java VM: OpenJDK 64-Bit Server VM (11.0.11+9-b60-7590822, mixed mode, tiered, compressed oops, g1 gc, windows-amd64)
# No core dump will be written. Minidumps are not enabled by default on client versions of Windows
#

---------------  S U M M A R Y ------------

Command Line: --add-opens=java.base/java.util=ALL-UNNAMED --add-opens=java.base/java.lang=ALL-UNNAMED --add-opens=java.base/java.lang.invoke=ALL-UNNAMED --add-opens=java.base/java.util=ALL-UNNAMED --add-opens=java.prefs/java.util.prefs=ALL-UNNAMED --add-opens=java.prefs/java.util.prefs=ALL-UNNAMED --add-opens=java.base/java.nio.charset=ALL-UNNAMED --add-opens=java.base/java.net=ALL-UNNAMED --add-opens=java.base/java.util.concurrent.atomic=ALL-UNNAMED -Xmx2048m -Dfile.encoding=UTF-8 -Duser.country=UA -Duser.language=uk -Duser.variant org.gradle.launcher.daemon.bootstrap.GradleDaemon 7.2

Host: AMD Ryzen 5 3400G with Radeon Vega Graphics    , 8 cores, 15G,  Windows 10 , 64 bit Build 19041 (10.0.19041.1566)
Time: Mon Apr 18 17:43:01 2022 Ô³íëÿíä³ÿ (ë³òî) elapsed time: 118.089396 seconds (0d 0h 1m 58s)

---------------  T H R E A D  ---------------

Current thread (0x0000022da1953800):  JavaThread "C2 CompilerThread0" daemon [_thread_in_native, id=6688, stack(0x000000412ae00000,0x000000412af00000)]


Current CompileTask:
C2: 118089 13072       4       org.gradle.internal.service.DefaultServiceRegistry$SingletonService::get (5 bytes)

Stack: [0x000000412ae00000,0x000000412af00000]
Native frames: (J=compiled Java code, j=interpreted, Vv=VM code, C=native code)
V  [jvm.dll+0x5f214a]
V  [jvm.dll+0x726fb5]
V  [jvm.dll+0x7285cd]
V  [jvm.dll+0x728c83]
V  [jvm.dll+0x243278]
V  [jvm.dll+0xbc53c]
V  [jvm.dll+0xbca3c]
V  [jvm.dll+0x1fba31]
V  [jvm.dll+0x589c95]
V  [jvm.dll+0x588a4e]
V  [jvm.dll+0x1fc082]
V  [jvm.dll+0x1fb3d4]
V  [jvm.dll+0x183d6c]
V  [jvm.dll+0x209a57]
V  [jvm.dll+0x2082a1]
V  [jvm.dll+0x6ef58f]
V  [jvm.dll+0x6e80b5]
V  [jvm.dll+0x5f1036]
C  [ucrtbase.dll+0x21bb2]
C  [KERNEL32.DLL+0x17034]
C  [ntdll.dll+0x52651]


---------------  P R O C E S S  ---------------

Threads class SMR info:
_java_thread_list=0x0000022da4e3f8f0, length=50, elements={
0x0000022d86bfd000, 0x0000022da18e3800, 0x0000022da18e9000, 0x0000022da1909800,
0x0000022da190a800, 0x0000022da190e000, 0x0000022da1953800, 0x0000022da1958000,
0x0000022da1964000, 0x0000022da1abe800, 0x0000022da1ac1000, 0x0000022da1ac3800,
0x0000022da1ac3000, 0x0000022da42ba800, 0x0000022da42b9000, 0x0000022da42b6800,
0x0000022da42bb800, 0x0000022da42b5800, 0x0000022da42bc000, 0x0000022da42bf800,
0x0000022da42c3000, 0x0000022da42be000, 0x0000022da42c4800, 0x0000022da58f1000,
0x0000022da58f9800, 0x0000022da58f5000, 0x0000022da58f7800, 0x0000022da58f8800,
0x0000022da58f3800, 0x0000022dad0ed800, 0x0000022dad0f0800, 0x0000022dad0f1800,
0x0000022dad0f8000, 0x0000022dad0f6000, 0x0000022dad0f8800, 0x0000022da58f4800,
0x0000022da58f2000, 0x0000022da58f3000, 0x0000022da58fa000, 0x0000022da58f7000,
0x0000022da58fb800, 0x0000022da58fb000, 0x0000022da58f6000, 0x0000022da6bd0800,
0x0000022da5900000, 0x0000022da58fc800, 0x0000022da58fe000, 0x0000022da58ff000,
0x0000022dad0f2000, 0x0000022daa0dd800
}

Java Threads: ( => current thread )
  0x0000022d86bfd000 JavaThread "main" [_thread_blocked, id=2596, stack(0x000000412a200000,0x000000412a300000)]
  0x0000022da18e3800 JavaThread "Reference Handler" daemon [_thread_blocked, id=13492, stack(0x000000412a900000,0x000000412aa00000)]
  0x0000022da18e9000 JavaThread "Finalizer" daemon [_thread_blocked, id=11332, stack(0x000000412aa00000,0x000000412ab00000)]
  0x0000022da1909800 JavaThread "Signal Dispatcher" daemon [_thread_blocked, id=10892, stack(0x000000412ab00000,0x000000412ac00000)]
  0x0000022da190a800 JavaThread "Attach Listener" daemon [_thread_blocked, id=2780, stack(0x000000412ac00000,0x000000412ad00000)]
  0x0000022da190e000 JavaThread "Service Thread" daemon [_thread_blocked, id=20068, stack(0x000000412ad00000,0x000000412ae00000)]
=>0x0000022da1953800 JavaThread "C2 CompilerThread0" daemon [_thread_in_native, id=6688, stack(0x000000412ae00000,0x000000412af00000)]
  0x0000022da1958000 JavaThread "C1 CompilerThread0" daemon [_thread_blocked, id=5312, stack(0x000000412af00000,0x000000412b000000)]
  0x0000022da1964000 JavaThread "Sweeper thread" daemon [_thread_blocked, id=8984, stack(0x000000412b000000,0x000000412b100000)]
  0x0000022da1abe800 JavaThread "Common-Cleaner" daemon [_thread_blocked, id=5536, stack(0x000000412b100000,0x000000412b200000)]
  0x0000022da1ac1000 JavaThread "Daemon health stats" [_thread_blocked, id=10076, stack(0x000000412ba00000,0x000000412bb00000)]
  0x0000022da1ac3800 JavaThread "Incoming local TCP Connector on port 59089" [_thread_in_native, id=1588, stack(0x000000412b300000,0x000000412b400000)]
  0x0000022da1ac3000 JavaThread "Daemon periodic checks" [_thread_blocked, id=3696, stack(0x000000412b900000,0x000000412ba00000)]
  0x0000022da42ba800 JavaThread "Cache worker for journal cache (C:\Users\dankr\.gradle\caches\journal-1)" [_thread_blocked, id=11612, stack(0x000000412c200000,0x000000412c300000)]
  0x0000022da42b9000 JavaThread "File lock request listener" [_thread_in_native, id=11016, stack(0x000000412c300000,0x000000412c400000)]
  0x0000022da42b6800 JavaThread "Cache worker for file hash cache (C:\Users\dankr\.gradle\caches\7.2\fileHashes)" [_thread_blocked, id=17904, stack(0x000000412c400000,0x000000412c500000)]
  0x0000022da42bb800 JavaThread "File watcher server" daemon [_thread_in_native, id=15624, stack(0x000000412ca00000,0x000000412cb00000)]
  0x0000022da42b5800 JavaThread "File watcher consumer" daemon [_thread_blocked, id=2788, stack(0x000000412cb00000,0x000000412cc00000)]
  0x0000022da42bc000 JavaThread "Cache worker for execution history cache (C:\Users\dankr\.gradle\caches\7.2\executionHistory)" [_thread_blocked, id=11376, stack(0x000000412d000000,0x000000412d100000)]
  0x0000022da42bf800 JavaThread "jar transforms" [_thread_blocked, id=9616, stack(0x000000412d100000,0x000000412d200000)]
  0x0000022da42c3000 JavaThread "Cache worker for file content cache (C:\Users\dankr\.gradle\caches\7.2\fileContent)" [_thread_blocked, id=6572, stack(0x000000412d200000,0x000000412d300000)]
  0x0000022da42be000 JavaThread "jar transforms Thread 2" [_thread_blocked, id=14028, stack(0x000000412d300000,0x000000412d400000)]
  0x0000022da42c4800 JavaThread "jar transforms Thread 3" [_thread_blocked, id=15784, stack(0x000000412d500000,0x000000412d600000)]
  0x0000022da58f1000 JavaThread "jar transforms Thread 4" [_thread_blocked, id=18396, stack(0x0000004132700000,0x0000004132800000)]
  0x0000022da58f9800 JavaThread "jar transforms Thread 5" [_thread_blocked, id=19628, stack(0x0000004132800000,0x0000004132900000)]
  0x0000022da58f5000 JavaThread "jar transforms Thread 6" [_thread_blocked, id=6912, stack(0x0000004132900000,0x0000004132a00000)]
  0x0000022da58f7800 JavaThread "jar transforms Thread 7" [_thread_blocked, id=11748, stack(0x0000004132a00000,0x0000004132b00000)]
  0x0000022da58f8800 JavaThread "jar transforms Thread 8" [_thread_blocked, id=1856, stack(0x0000004132b00000,0x0000004132c00000)]
  0x0000022da58f3800 JavaThread "Memory manager" [_thread_blocked, id=18820, stack(0x0000004132e00000,0x0000004132f00000)]
  0x0000022dad0ed800 JavaThread "ForkJoinPool.commonPool-worker-3" daemon [_thread_blocked, id=18052, stack(0x0000004133a00000,0x0000004133b00000)]
  0x0000022dad0f0800 JavaThread "ForkJoinPool.commonPool-worker-5" daemon [_thread_blocked, id=20292, stack(0x0000004133b00000,0x0000004133c00000)]
  0x0000022dad0f1800 JavaThread "ForkJoinPool.commonPool-worker-7" daemon [_thread_blocked, id=3216, stack(0x0000004133d00000,0x0000004133e00000)]
  0x0000022dad0f8000 JavaThread "ForkJoinPool.commonPool-worker-11" daemon [_thread_blocked, id=13028, stack(0x0000004133e00000,0x0000004133f00000)]
  0x0000022dad0f6000 JavaThread "ForkJoinPool.commonPool-worker-13" daemon [_thread_blocked, id=13560, stack(0x0000004133f00000,0x0000004134000000)]
  0x0000022dad0f8800 JavaThread "ForkJoinPool.commonPool-worker-15" daemon [_thread_blocked, id=19220, stack(0x0000004134000000,0x0000004134100000)]
  0x0000022da58f4800 JavaThread "Daemon Thread 2" [_thread_blocked, id=9684, stack(0x0000004129f00000,0x000000412a000000)]
  0x0000022da58f2000 JavaThread "Handler for socket connection from /127.0.0.1:59089 to /127.0.0.1:59154" [_thread_in_native, id=10828, stack(0x000000412a000000,0x000000412a100000)]
  0x0000022da58f3000 JavaThread "Cancel handler" [_thread_blocked, id=12784, stack(0x000000412a100000,0x000000412a200000)]
  0x0000022da58fa000 JavaThread "Daemon worker Thread 2" [_thread_in_native, id=2840, stack(0x000000412bb00000,0x000000412bc00000)]
  0x0000022da58f7000 JavaThread "Asynchronous log dispatcher for DefaultDaemonConnection: socket connection from /127.0.0.1:59089 to /127.0.0.1:59154" [_thread_blocked, id=12252, stack(0x000000412be00000,0x000000412bf00000)]
  0x0000022da58fb800 JavaThread "Stdin handler" [_thread_blocked, id=10080, stack(0x000000412bf00000,0x000000412c000000)]
  0x0000022da58fb000 JavaThread "Daemon client event forwarder" [_thread_blocked, id=16212, stack(0x000000412c000000,0x000000412c100000)]
  0x0000022da58f6000 JavaThread "Cache worker for file hash cache (D:\Projects\AndroidStudioProjects\PetWatcher\.gradle\7.2\fileHashes)" [_thread_blocked, id=7784, stack(0x000000412c100000,0x000000412c200000)]
  0x0000022da6bd0800 JavaThread "C2 CompilerThread1" daemon [_thread_in_native, id=20288, stack(0x000000412c800000,0x000000412c900000)]
  0x0000022da5900000 JavaThread "Cache worker for checksums cache (D:\Projects\AndroidStudioProjects\PetWatcher\.gradle\checksums)" [_thread_blocked, id=7052, stack(0x000000412c900000,0x000000412ca00000)]
  0x0000022da58fc800 JavaThread "Cache worker for cache directory md-supplier (C:\Users\dankr\.gradle\caches\7.2\md-supplier)" [_thread_blocked, id=14020, stack(0x000000412cc00000,0x000000412cd00000)]
  0x0000022da58fe000 JavaThread "Cache worker for cache directory md-rule (C:\Users\dankr\.gradle\caches\7.2\md-rule)" [_thread_blocked, id=6056, stack(0x000000412cd00000,0x000000412ce00000)]
  0x0000022da58ff000 JavaThread "Cache worker for dependencies-accessors (D:\Projects\AndroidStudioProjects\PetWatcher\.gradle\7.2\dependencies-accessors)" [_thread_blocked, id=9588, stack(0x000000412ce00000,0x000000412cf00000)]
  0x0000022dad0f2000 JavaThread "Cache worker for Build Output Cleanup Cache (D:\Projects\AndroidStudioProjects\PetWatcher\.gradle\buildOutputCleanup)" [_thread_blocked, id=10032, stack(0x000000412cf00000,0x000000412d000000)]
  0x0000022daa0dd800 JavaThread "C2 CompilerThread2" daemon [_thread_in_native, id=18252, stack(0x000000412d400000,0x000000412d500000)]

Other Threads:
  0x0000022da10a4800 VMThread "VM Thread" [stack: 0x000000412a800000,0x000000412a900000] [id=12332]
  0x0000022da1af3800 WatcherThread [stack: 0x000000412b200000,0x000000412b300000] [id=2520]
  0x0000022d86c16800 GCTaskThread "GC Thread#0" [stack: 0x000000412a300000,0x000000412a400000] [id=14692]
  0x0000022da208a800 GCTaskThread "GC Thread#1" [stack: 0x000000412b400000,0x000000412b500000] [id=13644]
  0x0000022da2059800 GCTaskThread "GC Thread#2" [stack: 0x000000412b500000,0x000000412b600000] [id=12728]
  0x0000022da2094800 GCTaskThread "GC Thread#3" [stack: 0x000000412b600000,0x000000412b700000] [id=5868]
  0x0000022da2b61800 GCTaskThread "GC Thread#4" [stack: 0x000000412b700000,0x000000412b800000] [id=9680]
  0x0000022da1f4a000 GCTaskThread "GC Thread#5" [stack: 0x000000412b800000,0x000000412b900000] [id=7788]
  0x0000022da4ec4800 GCTaskThread "GC Thread#6" [stack: 0x000000412c500000,0x000000412c600000] [id=18728]
  0x0000022da3c99000 GCTaskThread "GC Thread#7" [stack: 0x000000412c600000,0x000000412c700000] [id=14320]
  0x0000022d86c48000 ConcurrentGCThread "G1 Main Marker" [stack: 0x000000412a400000,0x000000412a500000] [id=10608]
  0x0000022d86c49000 ConcurrentGCThread "G1 Conc#0" [stack: 0x000000412a500000,0x000000412a600000] [id=11496]
  0x0000022da255f000 ConcurrentGCThread "G1 Conc#1" [stack: 0x000000412c700000,0x000000412c800000] [id=2884]
  0x0000022da0f26800 ConcurrentGCThread "G1 Refine#0" [stack: 0x000000412a600000,0x000000412a700000] [id=17108]
  0x0000022da70e3800 ConcurrentGCThread "G1 Refine#1" [stack: 0x0000004132c00000,0x0000004132d00000] [id=10636]
  0x0000022da70e4800 ConcurrentGCThread "G1 Refine#2" [stack: 0x0000004132d00000,0x0000004132e00000] [id=6672]
  0x0000022da0f27800 ConcurrentGCThread "G1 Young RemSet Sampling" [stack: 0x000000412a700000,0x000000412a800000] [id=2452]

Threads with active compile tasks:
C2 CompilerThread0 118127 13072       4       org.gradle.internal.service.DefaultServiceRegistry$SingletonService::get (5 bytes)
C1 CompilerThread0 118127 13185       3       org.gradle.api.internal.artifacts.ivyservice.ivyresolve.strategy.DefaultVersionSelectorScheme::isSubVersion (7 bytes)
C2 CompilerThread1 118127 13073   !   4       org.gradle.internal.service.DefaultServiceRegistry$ManagedObjectServiceProvider::getInstance (47 bytes)
C2 CompilerThread2 118127 13163       4       org.gradle.internal.component.external.model.DefaultModuleComponentSelector::newSelector (90 bytes)

VM state:not at safepoint (normal execution)

VM Mutex/Monitor currently owned by a thread: None

Heap address: 0x0000000080000000, size: 2048 MB, Compressed Oops mode: 32-bit
Narrow klass base: 0x0000000000000000, Narrow klass shift: 3
Compressed class space size: 1073741824 Address: 0x0000000100000000

Heap:
 garbage-first heap   total 262144K, used 168714K [0x0000000080000000, 0x0000000100000000)
  region size 1024K, 31 young (31744K), 2 survivors (2048K)
 Metaspace       used 96771K, capacity 99021K, committed 99312K, reserved 1134592K
  class space    used 12402K, capacity 13266K, committed 13464K, reserved 1048576K
Heap Regions: E=young(eden), S=young(survivor), O=old, HS=humongous(starts), HC=humongous(continues), CS=collection set, F=free, A=archive, TAMS=top-at-mark-start (previous, next)
|   0|0x0000000080000000, 0x0000000080100000, 0x0000000080100000|100%| O|  |TAMS 0x0000000080100000, 0x0000000080000000| Untracked 
|   1|0x0000000080100000, 0x0000000080200000, 0x0000000080200000|100%| O|  |TAMS 0x0000000080200000, 0x0000000080100000| Untracked 
|   2|0x0000000080200000, 0x0000000080300000, 0x0000000080300000|100%| O|  |TAMS 0x0000000080300000, 0x0000000080200000| Untracked 
|   3|0x0000000080300000, 0x0000000080400000, 0x0000000080400000|100%|HS|  |TAMS 0x0000000080400000, 0x0000000080300000| Complete 
|   4|0x0000000080400000, 0x0000000080500000, 0x0000000080500000|100%|HC|  |TAMS 0x0000000080500000, 0x0000000080400000| Complete 
|   5|0x0000000080500000, 0x0000000080600000, 0x0000000080600000|100%|HC|  |TAMS 0x0000000080600000, 0x0000000080500000| Complete 
|   6|0x0000000080600000, 0x0000000080700000, 0x0000000080700000|100%| O|  |TAMS 0x0000000080700000, 0x0000000080600000| Untracked 
|   7|0x0000000080700000, 0x0000000080800000, 0x0000000080800000|100%| O|  |TAMS 0x0000000080800000, 0x0000000080700000| Untracked 
|   8|0x0000000080800000, 0x0000000080900000, 0x0000000080900000|100%| O|  |TAMS 0x0000000080900000, 0x0000000080800000| Untracked 
|   9|0x0000000080900000, 0x0000000080a00000, 0x0000000080a00000|100%| O|  |TAMS 0x0000000080a00000, 0x0000000080900000| Untracked 
|  10|0x0000000080a00000, 0x0000000080b00000, 0x0000000080b00000|100%| O|  |TAMS 0x0000000080b00000, 0x0000000080a00000| Untracked 
|  11|0x0000000080b00000, 0x0000000080c00000, 0x0000000080c00000|100%| O|  |TAMS 0x0000000080c00000, 0x0000000080b00000| Untracked 
|  12|0x0000000080c00000, 0x0000000080d00000, 0x0000000080d00000|100%| O|  |TAMS 0x0000000080d00000, 0x0000000080c00000| Untracked 
|  13|0x0000000080d00000, 0x0000000080e00000, 0x0000000080e00000|100%| O|  |TAMS 0x0000000080e00000, 0x0000000080d00000| Untracked 
|  14|0x0000000080e00000, 0x0000000080f00000, 0x0000000080f00000|100%| O|  |TAMS 0x0000000080f00000, 0x0000000080e00000| Untracked 
|  15|0x0000000080f00000, 0x0000000081000000, 0x0000000081000000|100%| O|  |TAMS 0x0000000081000000, 0x0000000080f00000| Untracked 
|  16|0x0000000081000000, 0x0000000081100000, 0x0000000081100000|100%| O|  |TAMS 0x0000000081100000, 0x0000000081000000| Untracked 
|  17|0x0000000081100000, 0x0000000081200000, 0x0000000081200000|100%|HS|  |TAMS 0x0000000081200000, 0x0000000081100000| Complete 
|  18|0x0000000081200000, 0x0000000081300000, 0x0000000081300000|100%|HS|  |TAMS 0x0000000081300000, 0x0000000081200000| Complete 
|  19|0x0000000081300000, 0x0000000081400000, 0x0000000081400000|100%|HS|  |TAMS 0x0000000081400000, 0x0000000081300000| Complete 
|  20|0x0000000081400000, 0x0000000081500000, 0x0000000081500000|100%|HS|  |TAMS 0x0000000081500000, 0x0000000081400000| Complete 
|  21|0x0000000081500000, 0x0000000081600000, 0x0000000081600000|100%|HS|  |TAMS 0x0000000081600000, 0x0000000081500000| Complete 
|  22|0x0000000081600000, 0x0000000081700000, 0x0000000081700000|100%|HC|  |TAMS 0x0000000081700000, 0x0000000081600000| Complete 
|  23|0x0000000081700000, 0x0000000081800000, 0x0000000081800000|100%|HC|  |TAMS 0x0000000081800000, 0x0000000081700000| Complete 
|  24|0x0000000081800000, 0x0000000081900000, 0x0000000081900000|100%|HS|  |TAMS 0x0000000081900000, 0x0000000081800000| Complete 
|  25|0x0000000081900000, 0x0000000081a00000, 0x0000000081a00000|100%|HC|  |TAMS 0x0000000081a00000, 0x0000000081900000| Complete 
|  26|0x0000000081a00000, 0x0000000081b00000, 0x0000000081b00000|100%| O|  |TAMS 0x0000000081b00000, 0x0000000081a00000| Untracked 
|  27|0x0000000081b00000, 0x0000000081c00000, 0x0000000081c00000|100%| O|  |TAMS 0x0000000081c00000, 0x0000000081b00000| Untracked 
|  28|0x0000000081c00000, 0x0000000081d00000, 0x0000000081d00000|100%| O|  |TAMS 0x0000000081d00000, 0x0000000081c00000| Untracked 
|  29|0x0000000081d00000, 0x0000000081e00000, 0x0000000081e00000|100%| O|  |TAMS 0x0000000081e00000, 0x0000000081d00000| Untracked 
|  30|0x0000000081e00000, 0x0000000081f00000, 0x0000000081f00000|100%| O|  |TAMS 0x0000000081f00000, 0x0000000081e00000| Untracked 
|  31|0x0000000081f00000, 0x0000000082000000, 0x0000000082000000|100%| O|  |TAMS 0x0000000082000000, 0x0000000081f00000| Untracked 
|  32|0x0000000082000000, 0x0000000082100000, 0x0000000082100000|100%| O|  |TAMS 0x0000000082100000, 0x0000000082000000| Untracked 
|  33|0x0000000082100000, 0x0000000082200000, 0x0000000082200000|100%| O|  |TAMS 0x0000000082200000, 0x0000000082100000| Untracked 
|  34|0x0000000082200000, 0x0000000082300000, 0x0000000082300000|100%| O|  |TAMS 0x0000000082300000, 0x0000000082200000| Untracked 
|  35|0x0000000082300000, 0x0000000082400000, 0x0000000082400000|100%| O|  |TAMS 0x0000000082400000, 0x0000000082300000| Untracked 
|  36|0x0000000082400000, 0x0000000082500000, 0x0000000082500000|100%| O|  |TAMS 0x0000000082500000, 0x0000000082400000| Untracked 
|  37|0x0000000082500000, 0x0000000082600000, 0x0000000082600000|100%| O|  |TAMS 0x0000000082600000, 0x0000000082500000| Untracked 
|  38|0x0000000082600000, 0x0000000082700000, 0x0000000082700000|100%| O|  |TAMS 0x0000000082700000, 0x0000000082600000| Untracked 
|  39|0x0000000082700000, 0x0000000082800000, 0x0000000082800000|100%| O|  |TAMS 0x0000000082800000, 0x0000000082700000| Untracked 
|  40|0x0000000082800000, 0x0000000082900000, 0x0000000082900000|100%| O|  |TAMS 0x0000000082900000, 0x0000000082800000| Untracked 
|  41|0x0000000082900000, 0x0000000082a00000, 0x0000000082a00000|100%| O|  |TAMS 0x0000000082a00000, 0x0000000082900000| Untracked 
|  42|0x0000000082a00000, 0x0000000082b00000, 0x0000000082b00000|100%| O|  |TAMS 0x0000000082b00000, 0x0000000082a00000| Untracked 
|  43|0x0000000082b00000, 0x0000000082c00000, 0x0000000082c00000|100%| O|  |TAMS 0x0000000082c00000, 0x0000000082b00000| Untracked 
|  44|0x0000000082c00000, 0x0000000082d00000, 0x0000000082d00000|100%| O|  |TAMS 0x0000000082d00000, 0x0000000082c00000| Untracked 
|  45|0x0000000082d00000, 0x0000000082e00000, 0x0000000082e00000|100%| O|  |TAMS 0x0000000082e00000, 0x0000000082d00000| Untracked 
|  46|0x0000000082e00000, 0x0000000082f00000, 0x0000000082f00000|100%| O|  |TAMS 0x0000000082f00000, 0x0000000082e00000| Untracked 
|  47|0x0000000082f00000, 0x0000000083000000, 0x0000000083000000|100%| O|  |TAMS 0x0000000083000000, 0x0000000082f00000| Untracked 
|  48|0x0000000083000000, 0x0000000083100000, 0x0000000083100000|100%| O|  |TAMS 0x0000000083100000, 0x0000000083000000| Untracked 
|  49|0x0000000083100000, 0x0000000083200000, 0x0000000083200000|100%| O|  |TAMS 0x0000000083200000, 0x0000000083100000| Untracked 
|  50|0x0000000083200000, 0x0000000083300000, 0x0000000083300000|100%| O|  |TAMS 0x0000000083300000, 0x0000000083200000| Untracked 
|  51|0x0000000083300000, 0x0000000083400000, 0x0000000083400000|100%| O|  |TAMS 0x0000000083400000, 0x0000000083300000| Untracked 
|  52|0x0000000083400000, 0x0000000083500000, 0x0000000083500000|100%| O|  |TAMS 0x0000000083500000, 0x0000000083400000| Untracked 
|  53|0x0000000083500000, 0x0000000083600000, 0x0000000083600000|100%| O|  |TAMS 0x0000000083600000, 0x0000000083500000| Untracked 
|  54|0x0000000083600000, 0x0000000083700000, 0x0000000083700000|100%| O|  |TAMS 0x0000000083700000, 0x0000000083600000| Untracked 
|  55|0x0000000083700000, 0x0000000083800000, 0x0000000083800000|100%| O|  |TAMS 0x0000000083800000, 0x0000000083700000| Untracked 
|  56|0x0000000083800000, 0x0000000083900000, 0x0000000083900000|100%| O|  |TAMS 0x0000000083900000, 0x0000000083800000| Untracked 
|  57|0x0000000083900000, 0x0000000083a00000, 0x0000000083a00000|100%| O|  |TAMS 0x0000000083a00000, 0x0000000083900000| Untracked 
|  58|0x0000000083a00000, 0x0000000083b00000, 0x0000000083b00000|100%| O|  |TAMS 0x0000000083b00000, 0x0000000083a00000| Untracked 
|  59|0x0000000083b00000, 0x0000000083c00000, 0x0000000083c00000|100%| O|  |TAMS 0x0000000083c00000, 0x0000000083b00000| Untracked 
|  60|0x0000000083c00000, 0x0000000083d00000, 0x0000000083d00000|100%| O|  |TAMS 0x0000000083d00000, 0x0000000083c00000| Untracked 
|  61|0x0000000083d00000, 0x0000000083e00000, 0x0000000083e00000|100%| O|  |TAMS 0x0000000083e00000, 0x0000000083d00000| Untracked 
|  62|0x0000000083e00000, 0x0000000083f00000, 0x0000000083f00000|100%| O|  |TAMS 0x0000000083f00000, 0x0000000083e00000| Untracked 
|  63|0x0000000083f00000, 0x0000000084000000, 0x0000000084000000|100%| O|  |TAMS 0x0000000084000000, 0x0000000083f00000| Untracked 
|  64|0x0000000084000000, 0x0000000084100000, 0x0000000084100000|100%| O|  |TAMS 0x0000000084100000, 0x0000000084000000| Untracked 
|  65|0x0000000084100000, 0x0000000084200000, 0x0000000084200000|100%| O|  |TAMS 0x0000000084200000, 0x0000000084100000| Untracked 
|  66|0x0000000084200000, 0x0000000084300000, 0x0000000084300000|100%| O|  |TAMS 0x0000000084300000, 0x0000000084200000| Untracked 
|  67|0x0000000084300000, 0x0000000084400000, 0x0000000084400000|100%| O|  |TAMS 0x0000000084400000, 0x0000000084300000| Untracked 
|  68|0x0000000084400000, 0x0000000084500000, 0x0000000084500000|100%| O|  |TAMS 0x0000000084500000, 0x0000000084400000| Untracked 
|  69|0x0000000084500000, 0x0000000084600000, 0x0000000084600000|100%| O|  |TAMS 0x0000000084600000, 0x0000000084500000| Untracked 
|  70|0x0000000084600000, 0x0000000084700000, 0x0000000084700000|100%| O|  |TAMS 0x0000000084700000, 0x0000000084600000| Untracked 
|  71|0x0000000084700000, 0x0000000084800000, 0x0000000084800000|100%| O|  |TAMS 0x0000000084800000, 0x0000000084700000| Untracked 
|  72|0x0000000084800000, 0x0000000084900000, 0x0000000084900000|100%| O|  |TAMS 0x0000000084900000, 0x0000000084800000| Untracked 
|  73|0x0000000084900000, 0x0000000084a00000, 0x0000000084a00000|100%| O|  |TAMS 0x0000000084a00000, 0x0000000084900000| Untracked 
|  74|0x0000000084a00000, 0x0000000084b00000, 0x0000000084b00000|100%| O|  |TAMS 0x0000000084b00000, 0x0000000084a00000| Untracked 
|  75|0x0000000084b00000, 0x0000000084c00000, 0x0000000084c00000|100%| O|  |TAMS 0x0000000084c00000, 0x0000000084b00000| Untracked 
|  76|0x0000000084c00000, 0x0000000084d00000, 0x0000000084d00000|100%| O|  |TAMS 0x0000000084d00000, 0x0000000084c00000| Untracked 
|  77|0x0000000084d00000, 0x0000000084e00000, 0x0000000084e00000|100%| O|  |TAMS 0x0000000084e00000, 0x0000000084d00000| Untracked 
|  78|0x0000000084e00000, 0x0000000084f00000, 0x0000000084f00000|100%| O|  |TAMS 0x0000000084f00000, 0x0000000084e00000| Untracked 
|  79|0x0000000084f00000, 0x0000000085000000, 0x0000000085000000|100%| O|  |TAMS 0x0000000085000000, 0x0000000084f00000| Untracked 
|  80|0x0000000085000000, 0x0000000085100000, 0x0000000085100000|100%| O|  |TAMS 0x0000000085100000, 0x0000000085000000| Untracked 
|  81|0x0000000085100000, 0x0000000085200000, 0x0000000085200000|100%| O|  |TAMS 0x0000000085200000, 0x0000000085100000| Untracked 
|  82|0x0000000085200000, 0x0000000085300000, 0x0000000085300000|100%| O|  |TAMS 0x0000000085300000, 0x0000000085200000| Untracked 
|  83|0x0000000085300000, 0x0000000085400000, 0x0000000085400000|100%| O|  |TAMS 0x0000000085400000, 0x0000000085300000| Untracked 
|  84|0x0000000085400000, 0x0000000085500000, 0x0000000085500000|100%| O|  |TAMS 0x0000000085500000, 0x0000000085400000| Untracked 
|  85|0x0000000085500000, 0x0000000085600000, 0x0000000085600000|100%| O|  |TAMS 0x0000000085600000, 0x0000000085500000| Untracked 
|  86|0x0000000085600000, 0x0000000085700000, 0x0000000085700000|100%| O|  |TAMS 0x0000000085700000, 0x0000000085600000| Untracked 
|  87|0x0000000085700000, 0x0000000085800000, 0x0000000085800000|100%| O|  |TAMS 0x0000000085800000, 0x0000000085700000| Untracked 
|  88|0x0000000085800000, 0x0000000085900000, 0x0000000085900000|100%| O|  |TAMS 0x0000000085900000, 0x0000000085800000| Untracked 
|  89|0x0000000085900000, 0x0000000085a00000, 0x0000000085a00000|100%| O|  |TAMS 0x0000000085a00000, 0x0000000085900000| Untracked 
|  90|0x0000000085a00000, 0x0000000085b00000, 0x0000000085b00000|100%| O|  |TAMS 0x0000000085b00000, 0x0000000085a00000| Untracked 
|  91|0x0000000085b00000, 0x0000000085c00000, 0x0000000085c00000|100%| O|  |TAMS 0x0000000085c00000, 0x0000000085b00000| Untracked 
|  92|0x0000000085c00000, 0x0000000085d00000, 0x0000000085d00000|100%| O|  |TAMS 0x0000000085d00000, 0x0000000085c00000| Untracked 
|  93|0x0000000085d00000, 0x0000000085e00000, 0x0000000085e00000|100%| O|  |TAMS 0x0000000085e00000, 0x0000000085d00000| Untracked 
|  94|0x0000000085e00000, 0x0000000085f00000, 0x0000000085f00000|100%|HS|  |TAMS 0x0000000085e00000, 0x0000000085e00000| Complete 
|  95|0x0000000085f00000, 0x0000000086000000, 0x0000000086000000|100%| O|  |TAMS 0x0000000086000000, 0x0000000085f00000| Untracked 
|  96|0x0000000086000000, 0x0000000086100000, 0x0000000086100000|100%| O|  |TAMS 0x0000000086100000, 0x0000000086000000| Untracked 
|  97|0x0000000086100000, 0x0000000086200000, 0x0000000086200000|100%| O|  |TAMS 0x0000000086200000, 0x0000000086100000| Untracked 
|  98|0x0000000086200000, 0x0000000086300000, 0x0000000086300000|100%| O|  |TAMS 0x0000000086300000, 0x0000000086200000| Untracked 
|  99|0x0000000086300000, 0x0000000086400000, 0x0000000086400000|100%| O|  |TAMS 0x0000000086400000, 0x0000000086300000| Untracked 
| 100|0x0000000086400000, 0x0000000086500000, 0x0000000086500000|100%| O|  |TAMS 0x0000000086500000, 0x0000000086400000| Untracked 
| 101|0x0000000086500000, 0x0000000086600000, 0x0000000086600000|100%|HS|  |TAMS 0x0000000086500000, 0x0000000086500000| Complete 
| 102|0x0000000086600000, 0x0000000086700000, 0x0000000086700000|100%|HC|  |TAMS 0x0000000086600000, 0x0000000086600000| Complete 
| 103|0x0000000086700000, 0x0000000086800000, 0x0000000086800000|100%|HS|  |TAMS 0x0000000086700000, 0x0000000086700000| Complete 
| 104|0x0000000086800000, 0x0000000086900000, 0x0000000086900000|100%|HC|  |TAMS 0x0000000086800000, 0x0000000086800000| Complete 
| 105|0x0000000086900000, 0x0000000086a00000, 0x0000000086a00000|100%|HS|  |TAMS 0x0000000086900000, 0x0000000086900000| Complete 
| 106|0x0000000086a00000, 0x0000000086b00000, 0x0000000086b00000|100%|HC|  |TAMS 0x0000000086a00000, 0x0000000086a00000| Complete 
| 107|0x0000000086b00000, 0x0000000086c00000, 0x0000000086c00000|100%|HS|  |TAMS 0x0000000086b00000, 0x0000000086b00000| Complete 
| 108|0x0000000086c00000, 0x0000000086d00000, 0x0000000086d00000|100%|HC|  |TAMS 0x0000000086c00000, 0x0000000086c00000| Complete 
| 109|0x0000000086d00000, 0x0000000086e00000, 0x0000000086e00000|100%|HS|  |TAMS 0x0000000086d00000, 0x0000000086d00000| Complete 
| 110|0x0000000086e00000, 0x0000000086f00000, 0x0000000086f00000|100%|HC|  |TAMS 0x0000000086e00000, 0x0000000086e00000| Complete 
| 111|0x0000000086f00000, 0x0000000087000000, 0x0000000087000000|100%|HS|  |TAMS 0x0000000086f00000, 0x0000000086f00000| Complete 
| 112|0x0000000087000000, 0x0000000087100000, 0x0000000087100000|100%|HC|  |TAMS 0x0000000087000000, 0x0000000087000000| Complete 
| 113|0x0000000087100000, 0x0000000087200000, 0x0000000087200000|100%|HS|  |TAMS 0x0000000087100000, 0x0000000087100000| Complete 
| 114|0x0000000087200000, 0x0000000087300000, 0x0000000087300000|100%|HC|  |TAMS 0x0000000087200000, 0x0000000087200000| Complete 
| 115|0x0000000087300000, 0x0000000087400000, 0x0000000087400000|100%|HS|  |TAMS 0x0000000087300000, 0x0000000087300000| Complete 
| 116|0x0000000087400000, 0x0000000087500000, 0x0000000087500000|100%|HC|  |TAMS 0x0000000087400000, 0x0000000087400000| Complete 
| 117|0x0000000087500000, 0x0000000087600000, 0x0000000087600000|100%|HS|  |TAMS 0x0000000087500000, 0x0000000087500000| Complete 
| 118|0x0000000087600000, 0x0000000087700000, 0x0000000087700000|100%|HC|  |TAMS 0x0000000087600000, 0x0000000087600000| Complete 
| 119|0x0000000087700000, 0x0000000087800000, 0x0000000087800000|100%|HS|  |TAMS 0x0000000087700000, 0x0000000087700000| Complete 
| 120|0x0000000087800000, 0x0000000087900000, 0x0000000087900000|100%|HC|  |TAMS 0x0000000087800000, 0x0000000087800000| Complete 
| 121|0x0000000087900000, 0x0000000087a00000, 0x0000000087a00000|100%|HS|  |TAMS 0x0000000087900000, 0x0000000087900000| Complete 
| 122|0x0000000087a00000, 0x0000000087b00000, 0x0000000087b00000|100%|HC|  |TAMS 0x0000000087a00000, 0x0000000087a00000| Complete 
| 123|0x0000000087b00000, 0x0000000087c00000, 0x0000000087c00000|100%|HS|  |TAMS 0x0000000087b00000, 0x0000000087b00000| Complete 
| 124|0x0000000087c00000, 0x0000000087d00000, 0x0000000087d00000|100%|HC|  |TAMS 0x0000000087c00000, 0x0000000087c00000| Complete 
| 125|0x0000000087d00000, 0x0000000087e00000, 0x0000000087e00000|100%|HS|  |TAMS 0x0000000087d00000, 0x0000000087d00000| Complete 
| 126|0x0000000087e00000, 0x0000000087f00000, 0x0000000087f00000|100%|HC|  |TAMS 0x0000000087e00000, 0x0000000087e00000| Complete 
| 127|0x0000000087f00000, 0x0000000088000000, 0x0000000088000000|100%|HS|  |TAMS 0x0000000087f00000, 0x0000000087f00000| Complete 
| 128|0x0000000088000000, 0x0000000088100000, 0x0000000088100000|100%|HC|  |TAMS 0x0000000088000000, 0x0000000088000000| Complete 
| 129|0x0000000088100000, 0x0000000088100000, 0x0000000088200000|  0%| F|  |TAMS 0x0000000088100000, 0x0000000088100000| Untracked 
| 130|0x0000000088200000, 0x0000000088200000, 0x0000000088300000|  0%| F|  |TAMS 0x0000000088200000, 0x0000000088200000| Untracked 
| 131|0x0000000088300000, 0x0000000088300000, 0x0000000088400000|  0%| F|  |TAMS 0x0000000088300000, 0x0000000088300000| Untracked 
| 132|0x0000000088400000, 0x0000000088400000, 0x0000000088500000|  0%| F|  |TAMS 0x0000000088400000, 0x0000000088400000| Untracked 
| 133|0x0000000088500000, 0x0000000088500000, 0x0000000088600000|  0%| F|  |TAMS 0x0000000088500000, 0x0000000088500000| Untracked 
| 134|0x0000000088600000, 0x0000000088600000, 0x0000000088700000|  0%| F|  |TAMS 0x0000000088600000, 0x0000000088600000| Untracked 
| 135|0x0000000088700000, 0x0000000088700000, 0x0000000088800000|  0%| F|  |TAMS 0x0000000088700000, 0x0000000088700000| Untracked 
| 136|0x0000000088800000, 0x0000000088800000, 0x0000000088900000|  0%| F|  |TAMS 0x0000000088800000, 0x0000000088800000| Untracked 
| 137|0x0000000088900000, 0x0000000088900000, 0x0000000088a00000|  0%| F|  |TAMS 0x0000000088900000, 0x0000000088900000| Untracked 
| 138|0x0000000088a00000, 0x0000000088a00000, 0x0000000088b00000|  0%| F|  |TAMS 0x0000000088a00000, 0x0000000088a00000| Untracked 
| 139|0x0000000088b00000, 0x0000000088b00000, 0x0000000088c00000|  0%| F|  |TAMS 0x0000000088b00000, 0x0000000088b00000| Untracked 
| 140|0x0000000088c00000, 0x0000000088c00000, 0x0000000088d00000|  0%| F|  |TAMS 0x0000000088c00000, 0x0000000088c00000| Untracked 
| 141|0x0000000088d00000, 0x0000000088d00000, 0x0000000088e00000|  0%| F|  |TAMS 0x0000000088d00000, 0x0000000088d00000| Untracked 
| 142|0x0000000088e00000, 0x0000000088e00000, 0x0000000088f00000|  0%| F|  |TAMS 0x0000000088e00000, 0x0000000088e00000| Untracked 
| 143|0x0000000088f00000, 0x0000000088f00000, 0x0000000089000000|  0%| F|  |TAMS 0x0000000088f00000, 0x0000000088f00000| Untracked 
| 144|0x0000000089000000, 0x0000000089000000, 0x0000000089100000|  0%| F|  |TAMS 0x0000000089000000, 0x0000000089000000| Untracked 
| 145|0x0000000089100000, 0x0000000089100000, 0x0000000089200000|  0%| F|  |TAMS 0x0000000089100000, 0x0000000089100000| Untracked 
| 146|0x0000000089200000, 0x0000000089300000, 0x0000000089300000|100%| O|  |TAMS 0x0000000089300000, 0x0000000089200000| Untracked 
| 147|0x0000000089300000, 0x0000000089400000, 0x0000000089400000|100%| O|  |TAMS 0x0000000089400000, 0x0000000089300000| Untracked 
| 148|0x0000000089400000, 0x0000000089500000, 0x0000000089500000|100%| O|  |TAMS 0x0000000089500000, 0x0000000089400000| Untracked 
| 149|0x0000000089500000, 0x0000000089600000, 0x0000000089600000|100%| O|  |TAMS 0x0000000089600000, 0x0000000089500000| Untracked 
| 150|0x0000000089600000, 0x0000000089700000, 0x0000000089700000|100%| O|  |TAMS 0x0000000089700000, 0x0000000089600000| Untracked 
| 151|0x0000000089700000, 0x0000000089800000, 0x0000000089800000|100%| O|  |TAMS 0x0000000089800000, 0x0000000089700000| Untracked 
| 152|0x0000000089800000, 0x00000000898b0a00, 0x0000000089900000| 68%| O|  |TAMS 0x00000000898b0a00, 0x0000000089800000| Untracked 
| 153|0x0000000089900000, 0x0000000089900000, 0x0000000089a00000|  0%| F|  |TAMS 0x0000000089900000, 0x0000000089900000| Untracked 
| 154|0x0000000089a00000, 0x0000000089a00000, 0x0000000089b00000|  0%| F|  |TAMS 0x0000000089a00000, 0x0000000089a00000| Untracked 
| 155|0x0000000089b00000, 0x0000000089b00000, 0x0000000089c00000|  0%| F|  |TAMS 0x0000000089b00000, 0x0000000089b00000| Untracked 
| 156|0x0000000089c00000, 0x0000000089c00000, 0x0000000089d00000|  0%| F|  |TAMS 0x0000000089c00000, 0x0000000089c00000| Untracked 
| 157|0x0000000089d00000, 0x0000000089d00000, 0x0000000089e00000|  0%| F|  |TAMS 0x0000000089d00000, 0x0000000089d00000| Untracked 
| 158|0x0000000089e00000, 0x0000000089e00000, 0x0000000089f00000|  0%| F|  |TAMS 0x0000000089e00000, 0x0000000089e00000| Untracked 
| 159|0x0000000089f00000, 0x0000000089f00000, 0x000000008a000000|  0%| F|  |TAMS 0x0000000089f00000, 0x0000000089f00000| Untracked 
| 160|0x000000008a000000, 0x000000008a000000, 0x000000008a100000|  0%| F|  |TAMS 0x000000008a000000, 0x000000008a000000| Untracked 
| 161|0x000000008a100000, 0x000000008a100000, 0x000000008a200000|  0%| F|  |TAMS 0x000000008a100000, 0x000000008a100000| Untracked 
| 162|0x000000008a200000, 0x000000008a200000, 0x000000008a300000|  0%| F|  |TAMS 0x000000008a200000, 0x000000008a200000| Untracked 
| 163|0x000000008a300000, 0x000000008a300000, 0x000000008a400000|  0%| F|  |TAMS 0x000000008a300000, 0x000000008a300000| Untracked 
| 164|0x000000008a400000, 0x000000008a400000, 0x000000008a500000|  0%| F|  |TAMS 0x000000008a400000, 0x000000008a400000| Untracked 
| 165|0x000000008a500000, 0x000000008a500000, 0x000000008a600000|  0%| F|  |TAMS 0x000000008a500000, 0x000000008a500000| Untracked 
| 166|0x000000008a600000, 0x000000008a600000, 0x000000008a700000|  0%| F|  |TAMS 0x000000008a600000, 0x000000008a600000| Untracked 
| 167|0x000000008a700000, 0x000000008a700000, 0x000000008a800000|  0%| F|  |TAMS 0x000000008a700000, 0x000000008a700000| Untracked 
| 168|0x000000008a800000, 0x000000008a800000, 0x000000008a900000|  0%| F|  |TAMS 0x000000008a800000, 0x000000008a800000| Untracked 
| 169|0x000000008a900000, 0x000000008a900000, 0x000000008aa00000|  0%| F|  |TAMS 0x000000008a900000, 0x000000008a900000| Untracked 
| 170|0x000000008aa00000, 0x000000008aa00000, 0x000000008ab00000|  0%| F|  |TAMS 0x000000008aa00000, 0x000000008aa00000| Untracked 
| 171|0x000000008ab00000, 0x000000008ab00000, 0x000000008ac00000|  0%| F|  |TAMS 0x000000008ab00000, 0x000000008ab00000| Untracked 
| 172|0x000000008ac00000, 0x000000008ac00000, 0x000000008ad00000|  0%| F|  |TAMS 0x000000008ac00000, 0x000000008ac00000| Untracked 
| 173|0x000000008ad00000, 0x000000008ad00000, 0x000000008ae00000|  0%| F|  |TAMS 0x000000008ad00000, 0x000000008ad00000| Untracked 
| 174|0x000000008ae00000, 0x000000008ae00000, 0x000000008af00000|  0%| F|  |TAMS 0x000000008ae00000, 0x000000008ae00000| Untracked 
| 175|0x000000008af00000, 0x000000008af00000, 0x000000008b000000|  0%| F|  |TAMS 0x000000008af00000, 0x000000008af00000| Untracked 
| 176|0x000000008b000000, 0x000000008b000000, 0x000000008b100000|  0%| F|  |TAMS 0x000000008b000000, 0x000000008b000000| Untracked 
| 177|0x000000008b100000, 0x000000008b100000, 0x000000008b200000|  0%| F|  |TAMS 0x000000008b100000, 0x000000008b100000| Untracked 
| 178|0x000000008b200000, 0x000000008b200000, 0x000000008b300000|  0%| F|  |TAMS 0x000000008b200000, 0x000000008b200000| Untracked 
| 179|0x000000008b300000, 0x000000008b300000, 0x000000008b400000|  0%| F|  |TAMS 0x000000008b300000, 0x000000008b300000| Untracked 
| 180|0x000000008b400000, 0x000000008b400000, 0x000000008b500000|  0%| F|  |TAMS 0x000000008b400000, 0x000000008b400000| Untracked 
| 181|0x000000008b500000, 0x000000008b500000, 0x000000008b600000|  0%| F|  |TAMS 0x000000008b500000, 0x000000008b500000| Untracked 
| 182|0x000000008b600000, 0x000000008b600000, 0x000000008b700000|  0%| F|  |TAMS 0x000000008b600000, 0x000000008b600000| Untracked 
| 183|0x000000008b700000, 0x000000008b700000, 0x000000008b800000|  0%| F|  |TAMS 0x000000008b700000, 0x000000008b700000| Untracked 
| 184|0x000000008b800000, 0x000000008b800000, 0x000000008b900000|  0%| F|  |TAMS 0x000000008b800000, 0x000000008b800000| Untracked 
| 185|0x000000008b900000, 0x000000008b900000, 0x000000008ba00000|  0%| F|  |TAMS 0x000000008b900000, 0x000000008b900000| Untracked 
| 186|0x000000008ba00000, 0x000000008ba00000, 0x000000008bb00000|  0%| F|  |TAMS 0x000000008ba00000, 0x000000008ba00000| Untracked 
| 187|0x000000008bb00000, 0x000000008bb00000, 0x000000008bc00000|  0%| F|  |TAMS 0x000000008bb00000, 0x000000008bb00000| Untracked 
| 188|0x000000008bc00000, 0x000000008bc00000, 0x000000008bd00000|  0%| F|  |TAMS 0x000000008bc00000, 0x000000008bc00000| Untracked 
| 189|0x000000008bd00000, 0x000000008bd00000, 0x000000008be00000|  0%| F|  |TAMS 0x000000008bd00000, 0x000000008bd00000| Untracked 
| 190|0x000000008be00000, 0x000000008be00000, 0x000000008bf00000|  0%| F|  |TAMS 0x000000008be00000, 0x000000008be00000| Untracked 
| 191|0x000000008bf00000, 0x000000008bf00000, 0x000000008c000000|  0%| F|  |TAMS 0x000000008bf00000, 0x000000008bf00000| Untracked 
| 192|0x000000008c000000, 0x000000008c000000, 0x000000008c100000|  0%| F|  |TAMS 0x000000008c000000, 0x000000008c000000| Untracked 
| 193|0x000000008c100000, 0x000000008c100000, 0x000000008c200000|  0%| F|  |TAMS 0x000000008c100000, 0x000000008c100000| Untracked 
| 194|0x000000008c200000, 0x000000008c200000, 0x000000008c300000|  0%| F|  |TAMS 0x000000008c200000, 0x000000008c200000| Untracked 
| 195|0x000000008c300000, 0x000000008c300000, 0x000000008c400000|  0%| F|  |TAMS 0x000000008c300000, 0x000000008c300000| Untracked 
| 196|0x000000008c400000, 0x000000008c400000, 0x000000008c500000|  0%| F|  |TAMS 0x000000008c400000, 0x000000008c400000| Untracked 
| 197|0x000000008c500000, 0x000000008c500000, 0x000000008c600000|  0%| F|  |TAMS 0x000000008c500000, 0x000000008c500000| Untracked 
| 198|0x000000008c600000, 0x000000008c600000, 0x000000008c700000|  0%| F|  |TAMS 0x000000008c600000, 0x000000008c600000| Untracked 
| 199|0x000000008c700000, 0x000000008c700000, 0x000000008c800000|  0%| F|  |TAMS 0x000000008c700000, 0x000000008c700000| Untracked 
| 200|0x000000008c800000, 0x000000008c800000, 0x000000008c900000|  0%| F|  |TAMS 0x000000008c800000, 0x000000008c800000| Untracked 
| 201|0x000000008c900000, 0x000000008c900000, 0x000000008ca00000|  0%| F|  |TAMS 0x000000008c900000, 0x000000008c900000| Untracked 
| 202|0x000000008ca00000, 0x000000008ca00000, 0x000000008cb00000|  0%| F|  |TAMS 0x000000008ca00000, 0x000000008ca00000| Untracked 
| 203|0x000000008cb00000, 0x000000008cb00000, 0x000000008cc00000|  0%| F|  |TAMS 0x000000008cb00000, 0x000000008cb00000| Untracked 
| 204|0x000000008cc00000, 0x000000008cc00000, 0x000000008cd00000|  0%| F|  |TAMS 0x000000008cc00000, 0x000000008cc00000| Untracked 
| 205|0x000000008cd00000, 0x000000008cd00000, 0x000000008ce00000|  0%| F|  |TAMS 0x000000008cd00000, 0x000000008cd00000| Untracked 
| 206|0x000000008ce00000, 0x000000008ce00000, 0x000000008cf00000|  0%| F|  |TAMS 0x000000008ce00000, 0x000000008ce00000| Untracked 
| 207|0x000000008cf00000, 0x000000008cf00000, 0x000000008d000000|  0%| F|  |TAMS 0x000000008cf00000, 0x000000008cf00000| Untracked 
| 208|0x000000008d000000, 0x000000008d000000, 0x000000008d100000|  0%| F|  |TAMS 0x000000008d000000, 0x000000008d000000| Untracked 
| 209|0x000000008d100000, 0x000000008d100000, 0x000000008d200000|  0%| F|  |TAMS 0x000000008d100000, 0x000000008d100000| Untracked 
| 210|0x000000008d200000, 0x000000008d200000, 0x000000008d300000|  0%| F|  |TAMS 0x000000008d200000, 0x000000008d200000| Untracked 
| 211|0x000000008d300000, 0x000000008d300000, 0x000000008d400000|  0%| F|  |TAMS 0x000000008d300000, 0x000000008d300000| Untracked 
| 212|0x000000008d400000, 0x000000008d400000, 0x000000008d500000|  0%| F|  |TAMS 0x000000008d400000, 0x000000008d400000| Untracked 
| 213|0x000000008d500000, 0x000000008d500000, 0x000000008d600000|  0%| F|  |TAMS 0x000000008d500000, 0x000000008d500000| Untracked 
| 214|0x000000008d600000, 0x000000008d600000, 0x000000008d700000|  0%| F|  |TAMS 0x000000008d600000, 0x000000008d600000| Untracked 
| 215|0x000000008d700000, 0x000000008d700000, 0x000000008d800000|  0%| F|  |TAMS 0x000000008d700000, 0x000000008d700000| Untracked 
| 216|0x000000008d800000, 0x000000008d800000, 0x000000008d900000|  0%| F|  |TAMS 0x000000008d800000, 0x000000008d800000| Untracked 
| 217|0x000000008d900000, 0x000000008d900000, 0x000000008da00000|  0%| F|  |TAMS 0x000000008d900000, 0x000000008d900000| Untracked 
| 218|0x000000008da00000, 0x000000008da00000, 0x000000008db00000|  0%| F|  |TAMS 0x000000008da00000, 0x000000008da00000| Untracked 
| 219|0x000000008db00000, 0x000000008db00000, 0x000000008dc00000|  0%| F|  |TAMS 0x000000008db00000, 0x000000008db00000| Untracked 
| 220|0x000000008dc00000, 0x000000008dc00000, 0x000000008dd00000|  0%| F|  |TAMS 0x000000008dc00000, 0x000000008dc00000| Untracked 
| 221|0x000000008dd00000, 0x000000008dd00000, 0x000000008de00000|  0%| F|  |TAMS 0x000000008dd00000, 0x000000008dd00000| Untracked 
| 222|0x000000008de00000, 0x000000008de00000, 0x000000008df00000|  0%| F|  |TAMS 0x000000008de00000, 0x000000008de00000| Untracked 
| 223|0x000000008df00000, 0x000000008df00000, 0x000000008e000000|  0%| F|  |TAMS 0x000000008df00000, 0x000000008df00000| Untracked 
| 224|0x000000008e000000, 0x000000008e050090, 0x000000008e100000| 31%| E|  |TAMS 0x000000008e000000, 0x000000008e000000| Complete 
| 225|0x000000008e100000, 0x000000008e200000, 0x000000008e200000|100%| E|CS|TAMS 0x000000008e100000, 0x000000008e100000| Complete 
| 226|0x000000008e200000, 0x000000008e300000, 0x000000008e300000|100%| E|CS|TAMS 0x000000008e200000, 0x000000008e200000| Complete 
| 227|0x000000008e300000, 0x000000008e400000, 0x000000008e400000|100%| E|CS|TAMS 0x000000008e300000, 0x000000008e300000| Complete 
| 228|0x000000008e400000, 0x000000008e500000, 0x000000008e500000|100%| E|CS|TAMS 0x000000008e400000, 0x000000008e400000| Complete 
| 229|0x000000008e500000, 0x000000008e600000, 0x000000008e600000|100%| E|CS|TAMS 0x000000008e500000, 0x000000008e500000| Complete 
| 230|0x000000008e600000, 0x000000008e700000, 0x000000008e700000|100%| E|CS|TAMS 0x000000008e600000, 0x000000008e600000| Complete 
| 231|0x000000008e700000, 0x000000008e800000, 0x000000008e800000|100%| E|CS|TAMS 0x000000008e700000, 0x000000008e700000| Complete 
| 232|0x000000008e800000, 0x000000008e900000, 0x000000008e900000|100%| E|CS|TAMS 0x000000008e800000, 0x000000008e800000| Complete 
| 233|0x000000008e900000, 0x000000008ea00000, 0x000000008ea00000|100%| E|CS|TAMS 0x000000008e900000, 0x000000008e900000| Complete 
| 234|0x000000008ea00000, 0x000000008eb00000, 0x000000008eb00000|100%| E|CS|TAMS 0x000000008ea00000, 0x000000008ea00000| Complete 
| 235|0x000000008eb00000, 0x000000008ec00000, 0x000000008ec00000|100%| E|CS|TAMS 0x000000008eb00000, 0x000000008eb00000| Complete 
| 236|0x000000008ec00000, 0x000000008ed00000, 0x000000008ed00000|100%| E|CS|TAMS 0x000000008ec00000, 0x000000008ec00000| Complete 
| 237|0x000000008ed00000, 0x000000008ee00000, 0x000000008ee00000|100%| E|CS|TAMS 0x000000008ed00000, 0x000000008ed00000| Complete 
| 238|0x000000008ee00000, 0x000000008ef00000, 0x000000008ef00000|100%| E|CS|TAMS 0x000000008ee00000, 0x000000008ee00000| Complete 
| 239|0x000000008ef00000, 0x000000008f000000, 0x000000008f000000|100%| E|CS|TAMS 0x000000008ef00000, 0x000000008ef00000| Complete 
| 240|0x000000008f000000, 0x000000008f100000, 0x000000008f100000|100%| E|CS|TAMS 0x000000008f000000, 0x000000008f000000| Complete 
| 241|0x000000008f100000, 0x000000008f200000, 0x000000008f200000|100%| E|CS|TAMS 0x000000008f100000, 0x000000008f100000| Complete 
| 242|0x000000008f200000, 0x000000008f300000, 0x000000008f300000|100%| E|CS|TAMS 0x000000008f200000, 0x000000008f200000| Complete 
| 243|0x000000008f300000, 0x000000008f400000, 0x000000008f400000|100%| E|CS|TAMS 0x000000008f300000, 0x000000008f300000| Complete 
| 244|0x000000008f400000, 0x000000008f500000, 0x000000008f500000|100%| E|CS|TAMS 0x000000008f400000, 0x000000008f400000| Complete 
| 245|0x000000008f500000, 0x000000008f600000, 0x000000008f600000|100%| E|CS|TAMS 0x000000008f500000, 0x000000008f500000| Complete 
| 246|0x000000008f600000, 0x000000008f700000, 0x000000008f700000|100%| E|CS|TAMS 0x000000008f600000, 0x000000008f600000| Complete 
| 247|0x000000008f700000, 0x000000008f800000, 0x000000008f800000|100%| E|CS|TAMS 0x000000008f700000, 0x000000008f700000| Complete 
| 248|0x000000008f800000, 0x000000008f900000, 0x000000008f900000|100%| E|CS|TAMS 0x000000008f800000, 0x000000008f800000| Complete 
| 249|0x000000008f900000, 0x000000008f912070, 0x000000008fa00000|  7%| S|CS|TAMS 0x000000008f900000, 0x000000008f900000| Complete 
| 250|0x000000008fa00000, 0x000000008fb00000, 0x000000008fb00000|100%| S|CS|TAMS 0x000000008fa00000, 0x000000008fa00000| Complete 
| 251|0x000000008fb00000, 0x000000008fc00000, 0x000000008fc00000|100%| E|CS|TAMS 0x000000008fb00000, 0x000000008fb00000| Complete 
| 252|0x000000008fc00000, 0x000000008fd00000, 0x000000008fd00000|100%| E|CS|TAMS 0x000000008fc00000, 0x000000008fc00000| Complete 
| 253|0x000000008fd00000, 0x000000008fe00000, 0x000000008fe00000|100%| E|CS|TAMS 0x000000008fd00000, 0x000000008fd00000| Complete 
| 254|0x000000008fe00000, 0x000000008ff00000, 0x000000008ff00000|100%| E|CS|TAMS 0x000000008fe00000, 0x000000008fe00000| Complete 
| 255|0x000000008ff00000, 0x0000000090000000, 0x0000000090000000|100%| E|CS|TAMS 0x000000008ff00000, 0x000000008ff00000| Complete 

Card table byte_map: [0x0000022d99e30000,0x0000022d9a230000] _byte_map_base: 0x0000022d99a30000

Marking Bits (Prev, Next): (CMBitMap*) 0x0000022d86c3f348, (CMBitMap*) 0x0000022d86c3f380
 Prev Bits: [0x0000022d9a630000, 0x0000022d9c630000)
 Next Bits: [0x0000022d9c630000, 0x0000022d9e630000)

Polling page: 0x0000022d84b70000

Metaspace:

Usage:
  Non-class:     83.75 MB capacity,    82.39 MB ( 98%) used,     1.08 MB (  1%) free+waste,   275.44 KB ( <1%) overhead. 
      Class:     12.96 MB capacity,    12.11 MB ( 93%) used,   741.30 KB (  6%) free+waste,   121.88 KB ( <1%) overhead. 
       Both:     96.70 MB capacity,    94.50 MB ( 98%) used,     1.81 MB (  2%) free+waste,   397.31 KB ( <1%) overhead. 

Virtual space:
  Non-class space:       84.00 MB reserved,      83.84 MB (>99%) committed 
      Class space:        1.00 GB reserved,      13.15 MB (  1%) committed 
             Both:        1.08 GB reserved,      96.98 MB (  9%) committed 

Chunk freelists:
   Non-Class:  93.00 KB
       Class:  78.00 KB
        Both:  171.00 KB

MaxMetaspaceSize: 17179869184.00 GB
CompressedClassSpaceSize: 1.00 GB

CodeHeap 'non-profiled nmethods': size=120000Kb used=8480Kb max_used=8480Kb free=111520Kb
 bounds [0x0000022d921d0000, 0x0000022d92a20000, 0x0000022d99700000]
CodeHeap 'profiled nmethods': size=120000Kb used=28737Kb max_used=28737Kb free=91262Kb
 bounds [0x0000022d8aca0000, 0x0000022d8c8c0000, 0x0000022d921d0000]
CodeHeap 'non-nmethods': size=5760Kb used=2306Kb max_used=2365Kb free=3453Kb
 bounds [0x0000022d8a700000, 0x0000022d8a970000, 0x0000022d8aca0000]
 total_blobs=14000 nmethods=13084 adapters=827
 compilation: enabled
              stopped_count=0, restarted_count=0
 full_count=0

Compilation events (20 events):
Event: 118.070 Thread 0x0000022da1958000 13155       3       org.gradle.api.internal.artifacts.repositories.metadata.DefaultMavenImmutableAttributesFactory::mutable (10 bytes)
Event: 118.070 Thread 0x0000022da1958000 nmethod 13155 0x0000022d8c8a5010 code [0x0000022d8c8a51c0, 0x0000022d8c8a5388]
Event: 118.074 Thread 0x0000022daa0dd800 nmethod 13145 0x0000022d92a16a10 code [0x0000022d92a16be0, 0x0000022d92a16f18]
Event: 118.075 Thread 0x0000022daa0dd800 13156       4       org.gradle.api.internal.artifacts.ivyservice.modulecache.StringDeduplicatingDecoder::readNullableString (30 bytes)
Event: 118.076 Thread 0x0000022da1958000 13157       3       org.gradle.internal.snapshot.impl.IntegerValueSnapshot::<init> (6 bytes)
Event: 118.076 Thread 0x0000022da1958000 nmethod 13157 0x0000022d8c8a5490 code [0x0000022d8c8a5660, 0x0000022d8c8a58d8]
Event: 118.076 Thread 0x0000022daa0dd800 nmethod 13156 0x0000022d92a17290 code [0x0000022d92a17440, 0x0000022d92a17558]
Event: 118.076 Thread 0x0000022daa0dd800 13144       4       org.gradle.internal.component.external.model.GradleDependencyMetadata::getSelector (5 bytes)
Event: 118.076 Thread 0x0000022daa0dd800 nmethod 13144 0x0000022d92a17710 code [0x0000022d92a178a0, 0x0000022d92a17918]
Event: 118.077 Thread 0x0000022da1958000 13158       3       org.gradle.internal.snapshot.impl.DefaultValueSnapshotter$IsolatableVisitor::integerValue (9 bytes)
Event: 118.077 Thread 0x0000022da1958000 nmethod 13158 0x0000022d8c8a5a10 code [0x0000022d8c8a5be0, 0x0000022d8c8a5f18]
Event: 118.078 Thread 0x0000022da1958000 13159       3       org.gradle.internal.snapshot.impl.DefaultValueSnapshotter$IsolatableVisitor::integerValue (6 bytes)
Event: 118.078 Thread 0x0000022da1958000 nmethod 13159 0x0000022d8c8a6090 code [0x0000022d8c8a6260, 0x0000022d8c8a65f8]
Event: 118.078 Thread 0x0000022daa0dd800 13160       4       org.gradle.internal.component.external.model.LazyVariantBackedConfigurationMetadata$RuleAwareVariant::getAttributes (5 bytes)
Event: 118.079 Thread 0x0000022da1958000 13162       3       org.gradle.internal.resolve.result.DefaultBuildableModuleComponentMetaDataResolveResult::missing (13 bytes)
Event: 118.079 Thread 0x0000022da1958000 nmethod 13162 0x0000022d8c8a6790 code [0x0000022d8c8a6940, 0x0000022d8c8a6b78]
Event: 118.082 Thread 0x0000022daa0dd800 nmethod 13160 0x0000022d92a17990 code [0x0000022d92a17b40, 0x0000022d92a17d98]
Event: 118.082 Thread 0x0000022daa0dd800 13163       4       org.gradle.internal.component.external.model.DefaultModuleComponentSelector::newSelector (90 bytes)
Event: 118.087 Thread 0x0000022da1958000 13168       3       org.gradle.api.internal.artifacts.ivyservice.resolveengine.graph.builder.NodeState::computeExclusionFilterSingleIncomingEdge (49 bytes)
Event: 118.087 Thread 0x0000022da1958000 nmethod 13168 0x0000022d8c8a6c90 code [0x0000022d8c8a6ec0, 0x0000022d8c8a7598]

GC Heap History (20 events):
Event: 9.360 GC heap before
{Heap before GC invocations=11 (full 0):
 garbage-first heap   total 262144K, used 159039K [0x0000000080000000, 0x0000000100000000)
  region size 1024K, 104 young (106496K), 8 survivors (8192K)
 Metaspace       used 72965K, capacity 74605K, committed 74736K, reserved 1114112K
  class space    used 9405K, capacity 10023K, committed 10136K, reserved 1048576K
}
Event: 9.370 GC heap after
{Heap after GC invocations=12 (full 0):
 garbage-first heap   total 262144K, used 67916K [0x0000000080000000, 0x0000000100000000)
  region size 1024K, 13 young (13312K), 13 survivors (13312K)
 Metaspace       used 72965K, capacity 74605K, committed 74736K, reserved 1114112K
  class space    used 9405K, capacity 10023K, committed 10136K, reserved 1048576K
}
Event: 10.672 GC heap before
{Heap before GC invocations=12 (full 0):
 garbage-first heap   total 262144K, used 169292K [0x0000000080000000, 0x0000000100000000)
  region size 1024K, 112 young (114688K), 13 survivors (13312K)
 Metaspace       used 82501K, capacity 84297K, committed 84592K, reserved 1122304K
  class space    used 10695K, capacity 11406K, committed 11544K, reserved 1048576K
}
Event: 10.686 GC heap after
{Heap after GC invocations=13 (full 0):
 garbage-first heap   total 262144K, used 74443K [0x0000000080000000, 0x0000000100000000)
  region size 1024K, 14 young (14336K), 14 survivors (14336K)
 Metaspace       used 82501K, capacity 84297K, committed 84592K, reserved 1122304K
  class space    used 10695K, capacity 11406K, committed 11544K, reserved 1048576K
}
Event: 11.885 GC heap before
{Heap before GC invocations=13 (full 0):
 garbage-first heap   total 262144K, used 176843K [0x0000000080000000, 0x0000000100000000)
  region size 1024K, 115 young (117760K), 14 survivors (14336K)
 Metaspace       used 85958K, capacity 88132K, committed 88176K, reserved 1126400K
  class space    used 11193K, capacity 12050K, committed 12056K, reserved 1048576K
}
Event: 11.900 GC heap after
{Heap after GC invocations=14 (full 0):
 garbage-first heap   total 262144K, used 83329K [0x0000000080000000, 0x0000000100000000)
  region size 1024K, 15 young (15360K), 15 survivors (15360K)
 Metaspace       used 85958K, capacity 88132K, committed 88176K, reserved 1126400K
  class space    used 11193K, capacity 12050K, committed 12056K, reserved 1048576K
}
Event: 12.632 GC heap before
{Heap before GC invocations=14 (full 0):
 garbage-first heap   total 262144K, used 184705K [0x0000000080000000, 0x0000000100000000)
  region size 1024K, 115 young (117760K), 15 survivors (15360K)
 Metaspace       used 87039K, capacity 89296K, committed 89584K, reserved 1126400K
  class space    used 11288K, capacity 12145K, committed 12184K, reserved 1048576K
}
Event: 12.648 GC heap after
{Heap after GC invocations=15 (full 0):
 garbage-first heap   total 262144K, used 91444K [0x0000000080000000, 0x0000000100000000)
  region size 1024K, 9 young (9216K), 9 survivors (9216K)
 Metaspace       used 87039K, capacity 89296K, committed 89584K, reserved 1126400K
  class space    used 11288K, capacity 12145K, committed 12184K, reserved 1048576K
}
Event: 13.533 GC heap before
{Heap before GC invocations=15 (full 0):
 garbage-first heap   total 262144K, used 191796K [0x0000000080000000, 0x0000000100000000)
  region size 1024K, 108 young (110592K), 9 survivors (9216K)
 Metaspace       used 92234K, capacity 94521K, committed 94704K, reserved 1130496K
  class space    used 11935K, capacity 12819K, committed 12952K, reserved 1048576K
}
Event: 13.543 GC heap after
{Heap after GC invocations=16 (full 0):
 garbage-first heap   total 262144K, used 96277K [0x0000000080000000, 0x0000000100000000)
  region size 1024K, 6 young (6144K), 6 survivors (6144K)
 Metaspace       used 92234K, capacity 94521K, committed 94704K, reserved 1130496K
  class space    used 11935K, capacity 12819K, committed 12952K, reserved 1048576K
}
Event: 14.363 GC heap before
{Heap before GC invocations=16 (full 0):
 garbage-first heap   total 262144K, used 197653K [0x0000000080000000, 0x0000000100000000)
  region size 1024K, 106 young (108544K), 6 survivors (6144K)
 Metaspace       used 92906K, capacity 95227K, committed 95472K, reserved 1132544K
  class space    used 12002K, capacity 12875K, committed 12952K, reserved 1048576K
}
Event: 14.372 GC heap after
{Heap after GC invocations=17 (full 0):
 garbage-first heap   total 262144K, used 102401K [0x0000000080000000, 0x0000000100000000)
  region size 1024K, 12 young (12288K), 12 survivors (12288K)
 Metaspace       used 92906K, capacity 95227K, committed 95472K, reserved 1132544K
  class space    used 12002K, capacity 12875K, committed 12952K, reserved 1048576K
}
Event: 15.014 GC heap before
{Heap before GC invocations=17 (full 0):
 garbage-first heap   total 262144K, used 202753K [0x0000000080000000, 0x0000000100000000)
  region size 1024K, 111 young (113664K), 12 survivors (12288K)
 Metaspace       used 94477K, capacity 96824K, committed 96880K, reserved 1132544K
  class space    used 12146K, capacity 13049K, committed 13080K, reserved 1048576K
}
Event: 15.027 GC heap after
{Heap after GC invocations=18 (full 0):
 garbage-first heap   total 262144K, used 109719K [0x0000000080000000, 0x0000000100000000)
  region size 1024K, 14 young (14336K), 14 survivors (14336K)
 Metaspace       used 94477K, capacity 96824K, committed 96880K, reserved 1132544K
  class space    used 12146K, capacity 13049K, committed 13080K, reserved 1048576K
}
Event: 15.212 GC heap before
{Heap before GC invocations=18 (full 0):
 garbage-first heap   total 262144K, used 117911K [0x0000000080000000, 0x0000000100000000)
  region size 1024K, 22 young (22528K), 14 survivors (14336K)
 Metaspace       used 95490K, capacity 97895K, committed 98160K, reserved 1134592K
  class space    used 12276K, capacity 13216K, committed 13336K, reserved 1048576K
}
Event: 15.222 GC heap after
{Heap after GC invocations=19 (full 0):
 garbage-first heap   total 262144K, used 112191K [0x0000000080000000, 0x0000000100000000)
  region size 1024K, 9 young (9216K), 9 survivors (9216K)
 Metaspace       used 95490K, capacity 97895K, committed 98160K, reserved 1134592K
  class space    used 12276K, capacity 13216K, committed 13336K, reserved 1048576K
}
Event: 15.564 GC heap before
{Heap before GC invocations=20 (full 0):
 garbage-first heap   total 262144K, used 158271K [0x0000000080000000, 0x0000000100000000)
  region size 1024K, 11 young (11264K), 9 survivors (9216K)
 Metaspace       used 95212K, capacity 97489K, committed 98160K, reserved 1134592K
  class space    used 12187K, capacity 13055K, committed 13336K, reserved 1048576K
}
Event: 15.571 GC heap after
{Heap after GC invocations=21 (full 0):
 garbage-first heap   total 262144K, used 156215K [0x0000000080000000, 0x0000000100000000)
  region size 1024K, 2 young (2048K), 2 survivors (2048K)
 Metaspace       used 95212K, capacity 97489K, committed 98160K, reserved 1134592K
  class space    used 12187K, capacity 13055K, committed 13336K, reserved 1048576K
}
Event: 16.066 GC heap before
{Heap before GC invocations=22 (full 0):
 garbage-first heap   total 262144K, used 202295K [0x0000000080000000, 0x0000000100000000)
  region size 1024K, 5 young (5120K), 2 survivors (2048K)
 Metaspace       used 95398K, capacity 97601K, committed 98160K, reserved 1134592K
  class space    used 12215K, capacity 13089K, committed 13336K, reserved 1048576K
}
Event: 16.069 GC heap after
{Heap after GC invocations=23 (full 0):
 garbage-first heap   total 262144K, used 110346K [0x0000000080000000, 0x0000000100000000)
  region size 1024K, 2 young (2048K), 2 survivors (2048K)
 Metaspace       used 95398K, capacity 97601K, committed 98160K, reserved 1134592K
  class space    used 12215K, capacity 13089K, committed 13336K, reserved 1048576K
}

Deoptimization events (20 events):
Event: 117.946 Thread 0x0000022da58fa000 Uncommon trap: trap_request=0xffffffde fr.pc=0x0000022d92a08e20 relative=0x00000000000003a0
Event: 117.946 Thread 0x0000022da58fa000 Uncommon trap: reason=class_check action=maybe_recompile pc=0x0000022d92a08e20 method=java.util.stream.ReferencePipeline.collect(Ljava/util/stream/Collector;)Ljava/lang/Object; @ 118 c2
Event: 117.946 Thread 0x0000022da58fa000 DEOPT PACKING pc=0x0000022d92a08e20 sp=0x000000412bbf9210
Event: 117.947 Thread 0x0000022da58fa000 DEOPT UNPACKING pc=0x0000022d8a72662f sp=0x000000412bbf91d8 mode 2
Event: 117.948 Thread 0x0000022da58fa000 Uncommon trap: trap_request=0xffffff4d fr.pc=0x0000022d9294dc30 relative=0x0000000000000710
Event: 117.948 Thread 0x0000022da58fa000 Uncommon trap: reason=unstable_if action=reinterpret pc=0x0000022d9294dc30 method=org.gradle.tooling.internal.provider.runner.PluginApplicationTracker.started(Lorg/gradle/internal/operations/BuildOperationDescriptor;Lorg/gradle/internal/operations/Operati
Event: 117.948 Thread 0x0000022da58fa000 DEOPT PACKING pc=0x0000022d9294dc30 sp=0x000000412bbfa710
Event: 117.948 Thread 0x0000022da58fa000 DEOPT UNPACKING pc=0x0000022d8a72662f sp=0x000000412bbfa6b0 mode 2
Event: 117.957 Thread 0x0000022da58fa000 Uncommon trap: trap_request=0xffffffde fr.pc=0x0000022d9280ce58 relative=0x00000000000000b8
Event: 117.957 Thread 0x0000022da58fa000 Uncommon trap: reason=class_check action=maybe_recompile pc=0x0000022d9280ce58 method=java.util.RegularEnumSet.contains(Ljava/lang/Object;)Z @ 38 c2
Event: 117.957 Thread 0x0000022da58fa000 DEOPT PACKING pc=0x0000022d9280ce58 sp=0x000000412bbfb900
Event: 117.957 Thread 0x0000022da58fa000 DEOPT UNPACKING pc=0x0000022d8a72662f sp=0x000000412bbfb888 mode 2
Event: 117.962 Thread 0x0000022da58fa000 Uncommon trap: trap_request=0xffffffde fr.pc=0x0000022d9280ce58 relative=0x00000000000000b8
Event: 117.962 Thread 0x0000022da58fa000 Uncommon trap: reason=class_check action=maybe_recompile pc=0x0000022d9280ce58 method=java.util.RegularEnumSet.contains(Ljava/lang/Object;)Z @ 38 c2
Event: 117.962 Thread 0x0000022da58fa000 DEOPT PACKING pc=0x0000022d9280ce58 sp=0x000000412bbfa2f0
Event: 117.962 Thread 0x0000022da58fa000 DEOPT UNPACKING pc=0x0000022d8a72662f sp=0x000000412bbfa278 mode 2
Event: 118.000 Thread 0x0000022da58fa000 Uncommon trap: trap_request=0xffffffde fr.pc=0x0000022d9293898c relative=0x00000000000003cc
Event: 118.000 Thread 0x0000022da58fa000 Uncommon trap: reason=class_check action=maybe_recompile pc=0x0000022d9293898c method=org.gradle.cache.internal.LockOnDemandCrossProcessCacheAccess.incrementLockCount()V @ 97 c2
Event: 118.000 Thread 0x0000022da58fa000 DEOPT PACKING pc=0x0000022d9293898c sp=0x000000412bbf6ee0
Event: 118.000 Thread 0x0000022da58fa000 DEOPT UNPACKING pc=0x0000022d8a72662f sp=0x000000412bbf6e90 mode 2

Classes redefined (0 events):
No events

Internal exceptions (20 events):
Event: 12.280 Thread 0x0000022da58fa000 Exception <a 'java/lang/NoSuchMethodError'{0x000000008cc62fc8}: <clinit>> (0x000000008cc62fc8) thrown at [./src/hotspot/share/prims/jni.cpp, line 1362]
Event: 13.611 Thread 0x0000022da58fa000 Exception <a 'java/lang/NoSuchMethodError'{0x000000008fbd54e8}: 'int java.lang.invoke.DirectMethodHandle$Holder.invokeSpecial(java.lang.Object, java.lang.Object, java.lang.Object, java.lang.Object, java.lang.Object)'> (0x000000008fbd54e8) thrown at [./src/hotspot/share/interpreter/linkResolver.cpp, line 773]
Event: 14.857 Thread 0x0000022da5900000 Exception <a 'sun/nio/fs/WindowsException'{0x000000008a704390}> (0x000000008a704390) thrown at [./src/hotspot/share/prims/jni.cpp, line 615]
Event: 14.857 Thread 0x0000022da5900000 Exception <a 'sun/nio/fs/WindowsException'{0x000000008a705210}> (0x000000008a705210) thrown at [./src/hotspot/share/prims/jni.cpp, line 615]
Event: 14.988 Thread 0x0000022da5900000 Exception <a 'java/lang/NoSuchMethodError'{0x0000000089e02010}: <clinit>> (0x0000000089e02010) thrown at [./src/hotspot/share/prims/jni.cpp, line 1362]
Event: 14.992 Thread 0x0000022da5900000 Exception <a 'java/lang/NoSuchMethodError'{0x0000000089e4ace8}: <clinit>> (0x0000000089e4ace8) thrown at [./src/hotspot/share/prims/jni.cpp, line 1362]
Event: 14.993 Thread 0x0000022da5900000 Exception <a 'java/lang/NoSuchMethodError'{0x0000000089e5d598}: <clinit>> (0x0000000089e5d598) thrown at [./src/hotspot/share/prims/jni.cpp, line 1362]
Event: 15.159 Thread 0x0000022dad0ee000 Exception <a 'sun/nio/fs/WindowsException'{0x000000008fb5dfa0}> (0x000000008fb5dfa0) thrown at [./src/hotspot/share/prims/jni.cpp, line 615]
Event: 15.159 Thread 0x0000022dad0ee000 Exception <a 'sun/nio/fs/WindowsException'{0x000000008fb5e2f8}> (0x000000008fb5e2f8) thrown at [./src/hotspot/share/prims/jni.cpp, line 615]
Event: 16.131 Thread 0x0000022dad0ee000 Exception <a 'java/lang/NoSuchMethodError'{0x000000008feb6938}: 'java.lang.Object java.lang.invoke.DirectMethodHandle$Holder.invokeVirtual(java.lang.Object, java.lang.Object, int)'> (0x000000008feb6938) thrown at [./src/hotspot/share/interpreter/linkResolver.cpp, line 773]
Event: 16.265 Thread 0x0000022da5900000 Exception <a 'java/lang/NoSuchMethodError'{0x000000008fb77bf8}: 'void java.lang.invoke.DirectMethodHandle$Holder.invokeStatic(java.lang.Object, java.lang.Object, java.lang.Object, java.lang.Object, java.lang.Object, java.lang.Object, java.lang.Object)'> (0x000000008fb77bf8) thrown at [./src/hotspot/share/interpreter/linkResolver.cpp, line 773]
Event: 16.300 Thread 0x0000022da1ac2000 Exception <a 'sun/nio/fs/WindowsException'{0x000000008f8e8f78}> (0x000000008f8e8f78) thrown at [./src/hotspot/share/prims/jni.cpp, line 615]
Event: 16.301 Thread 0x0000022da1ac2000 Exception <a 'sun/nio/fs/WindowsException'{0x000000008f8e8ff8}> (0x000000008f8e8ff8) thrown at [./src/hotspot/share/prims/jni.cpp, line 615]
Event: 16.302 Thread 0x0000022da1ac2000 Exception <a 'sun/nio/fs/WindowsException'{0x000000008f8fa498}> (0x000000008f8fa498) thrown at [./src/hotspot/share/prims/jni.cpp, line 615]
Event: 16.350 Thread 0x0000022da1ac2000 Exception <a 'java/lang/NoSuchMethodError'{0x000000008f5486e8}: 'int java.lang.invoke.DirectMethodHandle$Holder.invokeVirtual(java.lang.Object, java.lang.Object, java.lang.Object)'> (0x000000008f5486e8) thrown at [./src/hotspot/share/interpreter/linkResolver.cpp, line 773]
Event: 21.967 Thread 0x0000022da1ac3000 Implicit null exception at 0x0000022d922021f4 to 0x0000022d9220276c
Event: 21.967 Thread 0x0000022da1ac3000 Implicit null exception at 0x0000022d92578a94 to 0x0000022d925790b0
Event: 117.915 Thread 0x0000022da58fa000 Implicit null exception at 0x0000022d9292eb76 to 0x0000022d9292ee9c
Event: 117.915 Thread 0x0000022da58fa000 Implicit null exception at 0x0000022d926ad85f to 0x0000022d926ae350
Event: 117.915 Thread 0x0000022da58fa000 Implicit null exception at 0x0000022d929f1891 to 0x0000022d929f7770

Events (20 events):
Event: 117.926 Executing VM operation: RevokeBias done
Event: 117.928 Executing VM operation: RevokeBias
Event: 117.928 Executing VM operation: RevokeBias done
Event: 117.931 Thread 0x0000022da6bd0800 Thread added: 0x0000022da6bd0800
Event: 117.936 Thread 0x0000022da5900000 Thread added: 0x0000022da5900000
Event: 117.940 Thread 0x0000022da58fc800 Thread added: 0x0000022da58fc800
Event: 117.944 Thread 0x0000022da58fe000 Thread added: 0x0000022da58fe000
Event: 117.948 Executing VM operation: RevokeBias
Event: 117.948 Executing VM operation: RevokeBias done
Event: 117.948 Executing VM operation: RevokeBias
Event: 117.948 Executing VM operation: RevokeBias done
Event: 117.955 Thread 0x0000022da58ff000 Thread added: 0x0000022da58ff000
Event: 117.963 Executing VM operation: RevokeBias
Event: 117.963 Executing VM operation: RevokeBias done
Event: 117.964 Executing VM operation: RevokeBias
Event: 117.964 Executing VM operation: RevokeBias done
Event: 117.965 Executing VM operation: RevokeBias
Event: 117.965 Executing VM operation: RevokeBias done
Event: 117.994 Thread 0x0000022dad0f2000 Thread added: 0x0000022dad0f2000
Event: 118.006 Thread 0x0000022daa0dd800 Thread added: 0x0000022daa0dd800


Dynamic libraries:
0x00007ff6c5e10000 - 0x00007ff6c5e1a000 	D:\Android Studio Arctic Fox\jre\bin\java.exe
0x00007fff39b10000 - 0x00007fff39d05000 	C:\Windows\SYSTEM32\ntdll.dll
0x00007fff38f70000 - 0x00007fff3902e000 	C:\Windows\System32\KERNEL32.DLL
0x00007fff37670000 - 0x00007fff37938000 	C:\Windows\System32\KERNELBASE.dll
0x00007fff37340000 - 0x00007fff37440000 	C:\Windows\System32\ucrtbase.dll
0x00007fff29140000 - 0x00007fff29157000 	D:\Android Studio Arctic Fox\jre\bin\VCRUNTIME140.dll
0x00007fff29120000 - 0x00007fff29139000 	D:\Android Studio Arctic Fox\jre\bin\jli.dll
0x00007fff39900000 - 0x00007fff39aa0000 	C:\Windows\System32\USER32.dll
0x00007fff23ea0000 - 0x00007fff2413a000 	C:\Windows\WinSxS\amd64_microsoft.windows.common-controls_6595b64144ccf1df_6.0.19041.1110_none_60b5254171f9507e\COMCTL32.dll
0x00007fff37640000 - 0x00007fff37662000 	C:\Windows\System32\win32u.dll
0x00007fff38f40000 - 0x00007fff38f6b000 	C:\Windows\System32\GDI32.dll
0x00007fff38ea0000 - 0x00007fff38f3e000 	C:\Windows\System32\msvcrt.dll
0x00007fff37230000 - 0x00007fff3733b000 	C:\Windows\System32\gdi32full.dll
0x00007fff37990000 - 0x00007fff37a2d000 	C:\Windows\System32\msvcp_win.dll
0x00007fff39aa0000 - 0x00007fff39ad0000 	C:\Windows\System32\IMM32.DLL
0x00007fff1b700000 - 0x00007fff1b79d000 	D:\Android Studio Arctic Fox\jre\bin\msvcp140.dll
0x00007ffef8ff0000 - 0x00007ffef9ac5000 	D:\Android Studio Arctic Fox\jre\bin\server\jvm.dll
0x00007fff394f0000 - 0x00007fff3959e000 	C:\Windows\System32\ADVAPI32.dll
0x00007fff39030000 - 0x00007fff390cc000 	C:\Windows\System32\sechost.dll
0x00007fff38260000 - 0x00007fff38385000 	C:\Windows\System32\RPCRT4.dll
0x00007fff39290000 - 0x00007fff39298000 	C:\Windows\System32\PSAPI.DLL
0x00007fff34a60000 - 0x00007fff34a69000 	C:\Windows\SYSTEM32\WSOCK32.dll
0x00007fff2b270000 - 0x00007fff2b297000 	C:\Windows\SYSTEM32\WINMM.dll
0x00007fff381f0000 - 0x00007fff3825b000 	C:\Windows\System32\WS2_32.dll
0x00007fff310d0000 - 0x00007fff310da000 	C:\Windows\SYSTEM32\VERSION.dll
0x00007fff35160000 - 0x00007fff35172000 	C:\Windows\SYSTEM32\kernel.appcore.dll
0x00007fff29190000 - 0x00007fff291a1000 	D:\Android Studio Arctic Fox\jre\bin\verify.dll
0x00007fff239a0000 - 0x00007fff23b84000 	C:\Windows\SYSTEM32\DBGHELP.DLL
0x00007fff23260000 - 0x00007fff2328c000 	C:\Windows\SYSTEM32\dbgcore.DLL
0x00007fff37a30000 - 0x00007fff37ab2000 	C:\Windows\System32\bcryptPrimitives.dll
0x00007fff290b0000 - 0x00007fff290d9000 	D:\Android Studio Arctic Fox\jre\bin\java.dll
0x00007fff34a00000 - 0x00007fff34a0b000 	D:\Android Studio Arctic Fox\jre\bin\jimage.dll
0x00007fff23ce0000 - 0x00007fff23cf8000 	D:\Android Studio Arctic Fox\jre\bin\zip.dll
0x00007fff38750000 - 0x00007fff38e94000 	C:\Windows\System32\SHELL32.dll
0x00007fff35360000 - 0x00007fff35af4000 	C:\Windows\SYSTEM32\windows.storage.dll
0x00007fff395a0000 - 0x00007fff398f4000 	C:\Windows\System32\combase.dll
0x00007fff36c90000 - 0x00007fff36cbc000 	C:\Windows\SYSTEM32\Wldp.dll
0x00007fff392b0000 - 0x00007fff3935d000 	C:\Windows\System32\SHCORE.dll
0x00007fff39360000 - 0x00007fff393b5000 	C:\Windows\System32\shlwapi.dll
0x00007fff37170000 - 0x00007fff3718f000 	C:\Windows\SYSTEM32\profapi.dll
0x00007fff20ec0000 - 0x00007fff20eda000 	D:\Android Studio Arctic Fox\jre\bin\net.dll
0x00007fff2a700000 - 0x00007fff2a809000 	C:\Windows\SYSTEM32\WINHTTP.dll
0x00007fff369f0000 - 0x00007fff36a5a000 	C:\Windows\system32\mswsock.dll
0x00007fff20e60000 - 0x00007fff20e74000 	D:\Android Studio Arctic Fox\jre\bin\nio.dll
0x00007fff1a9c0000 - 0x00007fff1a9e7000 	C:\Users\dankr\.gradle\native\e1d6ef7f7dcc3fd88c89a11ec53ec762bb8ba0a96d01ffa2cd45eb1d1d8dd5c5\windows-amd64\native-platform.dll
0x00007fff1b320000 - 0x00007fff1b464000 	C:\Users\dankr\.gradle\native\5664cfc778a61ccfe75a443a1ab52a65af34e5dc3c78e0209fed803814484fcb\windows-amd64\native-platform-file-events.dll
0x00007fff34960000 - 0x00007fff3496a000 	D:\Android Studio Arctic Fox\jre\bin\management.dll
0x00007fff31ff0000 - 0x00007fff31ffd000 	D:\Android Studio Arctic Fox\jre\bin\management_ext.dll
0x00007fff36bf0000 - 0x00007fff36c08000 	C:\Windows\SYSTEM32\CRYPTSP.dll
0x00007fff36300000 - 0x00007fff36334000 	C:\Windows\system32\rsaenh.dll
0x00007fff374b0000 - 0x00007fff374d7000 	C:\Windows\System32\bcrypt.dll
0x00007fff37130000 - 0x00007fff3715e000 	C:\Windows\SYSTEM32\USERENV.dll
0x00007fff36be0000 - 0x00007fff36bec000 	C:\Windows\SYSTEM32\CRYPTBASE.dll
0x00007fff36690000 - 0x00007fff366cb000 	C:\Windows\SYSTEM32\IPHLPAPI.DLL
0x00007fff392a0000 - 0x00007fff392a8000 	C:\Windows\System32\NSI.dll
0x00007fff313a0000 - 0x00007fff313b7000 	C:\Windows\SYSTEM32\dhcpcsvc6.DLL
0x00007fff31380000 - 0x00007fff3139d000 	C:\Windows\SYSTEM32\dhcpcsvc.DLL
0x00007fff366d0000 - 0x00007fff3679a000 	C:\Windows\SYSTEM32\DNSAPI.dll

dbghelp: loaded successfully - version: 4.0.5 - missing functions: none
symbol engine: initialized successfully - sym options: 0x614 - pdb path: .;D:\Android Studio Arctic Fox\jre\bin;C:\Windows\SYSTEM32;C:\Windows\WinSxS\amd64_microsoft.windows.common-controls_6595b64144ccf1df_6.0.19041.1110_none_60b5254171f9507e;D:\Android Studio Arctic Fox\jre\bin\server;C:\Users\dankr\.gradle\native\e1d6ef7f7dcc3fd88c89a11ec53ec762bb8ba0a96d01ffa2cd45eb1d1d8dd5c5\windows-amd64;C:\Users\dankr\.gradle\native\5664cfc778a61ccfe75a443a1ab52a65af34e5dc3c78e0209fed803814484fcb\windows-amd64

VM Arguments:
jvm_args: --add-opens=java.base/java.util=ALL-UNNAMED --add-opens=java.base/java.lang=ALL-UNNAMED --add-opens=java.base/java.lang.invoke=ALL-UNNAMED --add-opens=java.base/java.util=ALL-UNNAMED --add-opens=java.prefs/java.util.prefs=ALL-UNNAMED --add-opens=java.prefs/java.util.prefs=ALL-UNNAMED --add-opens=java.base/java.nio.charset=ALL-UNNAMED --add-opens=java.base/java.net=ALL-UNNAMED --add-opens=java.base/java.util.concurrent.atomic=ALL-UNNAMED -Xmx2048m -Dfile.encoding=UTF-8 -Duser.country=UA -Duser.language=uk -Duser.variant 
java_command: org.gradle.launcher.daemon.bootstrap.GradleDaemon 7.2
java_class_path (initial): C:\Users\dankr\.gradle\wrapper\dists\gradle-7.2-bin\2dnblmf4td7x66yl1d74lt32g\gradle-7.2\lib\gradle-launcher-7.2.jar
Launcher Type: SUN_STANDARD

[Global flags]
     intx CICompilerCount                          = 4                                         {product} {ergonomic}
     uint ConcGCThreads                            = 2                                         {product} {ergonomic}
     uint G1ConcRefinementThreads                  = 8                                         {product} {ergonomic}
   size_t G1HeapRegionSize                         = 1048576                                   {product} {ergonomic}
    uintx GCDrainStackTargetSize                   = 64                                        {product} {ergonomic}
   size_t InitialHeapSize                          = 268435456                                 {product} {ergonomic}
   size_t MarkStackSize                            = 4194304                                   {product} {ergonomic}
   size_t MaxHeapSize                              = 2147483648                                {product} {command line}
   size_t MaxNewSize                               = 1287651328                                {product} {ergonomic}
   size_t MinHeapDeltaBytes                        = 1048576                                   {product} {ergonomic}
    uintx NonNMethodCodeHeapSize                   = 5836300                                {pd product} {ergonomic}
    uintx NonProfiledCodeHeapSize                  = 122910970                              {pd product} {ergonomic}
    uintx ProfiledCodeHeapSize                     = 122910970                              {pd product} {ergonomic}
    uintx ReservedCodeCacheSize                    = 251658240                              {pd product} {ergonomic}
     bool SegmentedCodeCache                       = true                                      {product} {ergonomic}
     bool UseCompressedClassPointers               = true                                 {lp64_product} {ergonomic}
     bool UseCompressedOops                        = true                                 {lp64_product} {ergonomic}
     bool UseG1GC                                  = true                                      {product} {ergonomic}
     bool UseLargePagesIndividualAllocation        = false                                  {pd product} {ergonomic}

Logging:
Log output configuration:
 #0: stdout all=warning uptime,level,tags
 #1: stderr all=off uptime,level,tags

Environment Variables:
PATH=C:\Program Files (x86)\Embarcadero\Studio\22.0\bin;C:\Users\Public\Documents\Embarcadero\Studio\22.0\Bpl;C:\Program Files (x86)\Embarcadero\Studio\22.0\bin64;C:\Users\Public\Documents\Embarcadero\Studio\22.0\Bpl\Win64;C:\Program Files (x86)\Embarcadero\Studio\21.0\bin;C:\Users\Public\Documents\Embarcadero\Studio\21.0\Bpl;C:\Program Files (x86)\Embarcadero\Studio\21.0\bin64;C:\Users\Public\Documents\Embarcadero\Studio\21.0\Bpl\Win64;C:\Inprise\vbroker\bin;C:\PROGRA~2\Borland\CBUILD~1\Bin;C:\PROGRA~2\Borland\CBUILD~1\Projects\Bpl;C:\Program Files (x86)\Common Files\Oracle\Java\javapath;C:\Windows\system32;C:\Windows;C:\Windows\System32\Wbem;C:\Windows\System32\WindowsPowerShell\v1.0\;C:\Windows\System32\OpenSSH\;E:\Git\cmd;C:\Program Files (x86)\Windows Kits\10\Windows Performance Toolkit\;C:\Program Files\dotnet\;C:\Program Files\NVIDIA Corporation\NVIDIA NvDLISR;C:\Users\dankr\AppData\Local\Microsoft\WindowsApps;;E:\C++tools\Microsoft VS Code\bin;C:\Users\dankr\.dotnet\tools
USERNAME=dan
OS=Windows_NT
PROCESSOR_IDENTIFIER=AMD64 Family 23 Model 24 Stepping 1, AuthenticAMD



---------------  S Y S T E M  ---------------

OS: Windows 10 , 64 bit Build 19041 (10.0.19041.1566)
OS uptime: 1 days 5:47 hours

CPU:total 8 (initial active 8) (8 cores per cpu, 2 threads per core) family 23 model 24 stepping 1 microcode 0x0, cmov, cx8, fxsr, mmx, sse, sse2, sse3, ssse3, sse4.1, sse4.2, popcnt, avx, avx2, aes, clmul, mmxext, 3dnowpref, lzcnt, sse4a, ht, tsc, tscinvbit, tscinv, bmi1, bmi2, adx, s

Memory: 4k page, system-wide physical 16330M (3670M free)
TotalPageFile size 29128M (AvailPageFile size 4M)
current process WorkingSet (physical memory assigned to process): 542M, peak: 592M
current process commit charge ("private bytes"): 580M, peak: 632M

vm_info: OpenJDK 64-Bit Server VM (11.0.11+9-b60-7590822) for windows-amd64 JRE (11.0.11+9-b60-7590822), built on Jul 29 2021 21:43:44 by "builder" with MS VC++ 14.0 (VS2015)

END.
